0.209536
0.209409
0.208995
0.208333
0.207403
0.206209
0.204782
0.203101
0.201188
0.199049
0.196659
0.194101
0.191339
0.188389
0.185242
0.181935
0.178434
0.174822
0.171069
0.167180
0.163174
0.159078
0.154890
0.150627
0.146305
0.141885
0.137457
0.132986
0.128487
0.123984
0.119463
0.114960
0.110494
0.106055
0.101656
0.097294
0.092988
0.088775
0.084629
0.080541
0.076579
0.072700
0.068931
0.065263
0.061737
0.058323
0.055032
0.051866
0.048890
0.046040
0.043323
0.040740
0.038346
0.036095
0.033994
0.032050
0.030246
0.028634
0.027179
0.025854
0.024698
0.023716
0.022900
0.022219
0.021658
0.021282
0.021028
0.020900
0.020923
0.021069
0.021340
0.021722
0.022254
0.022849
0.023568
0.024382
0.025305
0.026287
0.027362
0.028460
0.029671
0.030923
0.032224
0.033548
0.034935
0.036335
0.037754
0.039170
0.040632
0.042083
0.043498
0.044882
0.046297
0.047636
0.048948
0.050216
0.051460
0.052677
0.053803
0.054869
0.055895
0.056848
0.057709
0.058485
0.059203
0.059844
0.060387
0.060845
0.061238
0.061530
0.061762
0.061875
0.061923
0.061862
0.061725
0.061499
0.061218
0.060846
0.060400
0.059893
0.059302
0.058647
0.057928
0.057178
0.056338
0.055484
0.054572
0.053617
0.052633
0.051617
0.050621
0.049544
0.048510
0.047411
0.046356
0.045298
0.044230
0.043156
0.042143
0.041116
0.040148
0.039199
0.038276
0.037419
0.036579
0.035795
0.035053
0.034381
0.033735
0.033163
0.032660
0.032214
0.031816
0.031466
0.031221
0.031038
0.030920
0.030850
0.030871
0.030923
0.031075
0.031287
0.031558
0.031914
0.032304
0.032752
0.033248
0.033804
0.034404
0.035068
0.035795
0.036517
0.037315
0.038104
0.038938
0.039814
0.040700
0.041596
0.042503
0.043425
0.044377
0.045306
0.046243
0.047138
0.048048
0.048934
0.049785
0.050606
0.051409
0.052186
0.052907
0.053567
0.054199
0.054785
0.055313
0.055790
0.056189
0.056546
0.056862
0.057060
0.057225
0.057291
0.057335
0.057274
0.057147
0.056948
0.056680
0.056309
0.055887
0.055431
0.054861
0.054235
0.053535
0.052831
0.052013
0.051176
0.050255
0.049261
0.048236
0.047183
0.046055
0.044919
0.043756
0.042534
0.041285
0.040039
0.038762
0.037453
0.036144
0.034830
0.033509
0.032194
0.030874
0.029589
0.028300
0.027010
0.025760
0.024521
0.023334
0.022137
0.021002
0.019897
0.018830
0.017800
0.016819
0.015866
0.014994
0.014124
0.013345
0.012595
0.011924
0.011281
0.010722
0.010202
0.009732
0.009333
0.008981
0.008707
0.008453
0.008314
0.008176
0.008108
0.008099
0.008099
0.008178
0.008292
0.008472
0.008686
0.008910
0.009230
0.009560
0.009906
0.010293
0.010726
0.011151
0.011598
0.012079
0.012575
0.013045
0.013562
0.014092
0.014588
0.015108
0.015578
0.016069
0.016567
0.017035
0.017479
0.017896
