0.118512
0.116678
0.115181
0.114024
0.113206
0.112729
0.112593
0.112797
0.113339
0.114219
0.115434
0.116981
0.118857
0.121059
0.123581
0.126421
0.129571
0.133027
0.136782
0.140830
0.145163
0.149774
0.154655
0.159797
0.165191
0.170828
0.176699
0.182792
0.189098
0.195606
0.202304
0.209181
0.216225
0.223424
0.230766
0.238236
0.245824
0.253514
0.261295
0.269151
0.277071
0.285038
0.293040
0.301062
0.309089
0.317108
0.325104
0.333061
0.340967
0.348805
0.356562
0.364222
0.371773
0.379198
0.386484
0.393617
0.400583
0.407367
0.413957
0.420338
0.426497
0.432422
0.438100
0.443518
0.448663
0.453525
0.458091
0.462351
0.466293
0.469907
0.473182
0.476111
0.478682
0.480888
0.482719
0.484169
0.485229
0.485894
0.486156
0.486009
0.485449
0.484471
0.483069
0.481242
0.478984
0.476295
0.473172
0.469613
0.465618
0.461187
0.456319
0.451016
0.445280
0.439112
0.432515
0.425493
0.418049
0.410189
0.401917
0.393238
0.384160
0.374689
0.364833
0.354598
0.343995
0.333032
0.321719
0.310066
0.298083
0.285782
0.273175
0.260273
0.247089
0.233636
0.219928
0.205979
0.191803
0.177415
0.162830
0.148063
0.133130
0.118047
0.102831
0.087498
0.072066
0.056551
0.040971
0.025343
0.009686
-0.005983
-0.021646
-0.037285
-0.052880
-0.068415
-0.083870
-0.099227
-0.114468
-0.129574
-0.144528
-0.159310
-0.173903
-0.188289
-0.202449
-0.216366
-0.230024
-0.243403
-0.256487
-0.269260
-0.281705
-0.293805
-0.305545
-0.316909
-0.327882
-0.338449
-0.348596
-0.358308
-0.367573
-0.376376
-0.384706
-0.392551
-0.399898
-0.406736
-0.413056
-0.418848
-0.424101
-0.428807
-0.432958
-0.436547
-0.439566
-0.442009
-0.443871
-0.445147
-0.445832
-0.445922
-0.445415
-0.444309
-0.442602
-0.440293
-0.437382
-0.433869
-0.429756
-0.425045
-0.419739
-0.413840
-0.407353
-0.400283
-0.392636
-0.384416
-0.375633
-0.366292
-0.356402
-0.345973
-0.335013
-0.323534
-0.311545
-0.299059
-0.286088
-0.272644
-0.258741
-0.244393
-0.229614
-0.214420
-0.198825
-0.182846
-0.166500
-0.149804
-0.132775
-0.115432
-0.097792
-0.079874
-0.061699
-0.043284
-0.024651
-0.005819
0.013191
0.032358
0.051662
0.071082
0.090595
0.110180
0.129816
0.149481
0.169154
0.188811
0.208431
0.227992
0.247473
0.266850
0.286104
0.305211
0.324150
0.342899
0.361439
0.379746
0.397801
0.415583
0.433071
0.450247
0.467089
0.483579
0.499698
0.515428
0.530749
0.545646
0.560100
0.574096
0.587616
0.600646
0.613171
0.625175
0.636646
0.647570
0.657934
0.667727
0.676938
0.685556
0.693571
0.700974
0.707757
0.713912
0.719432
0.724311
0.728545
0.732127
0.735056
0.737326
0.738938
0.739888
0.740177
0.739804
0.738772
0.737082
0.734736
0.731738
0.728093
0.723805
0.718881
0.713327
0.707152
0.700362
0.692969
0.684980
0.676408
0.667263
0.657558
0.647306
0.636520
0.625214
0.613404
0.601105
0.588334
0.575107
0.561442
0.547357
0.532871
0.518003
0.502773
0.487201
0.471309
0.455117
0.438646
0.421920
0.404961
0.387790
0.370433
0.352912
0.335250
0.317472
0.299603
0.281666
0.263686
0.245688
0.227696
0.209736
0.191833
0.174011
0.156296
0.138711
0.121283
0.104036
0.086994
0.070182
0.053623
0.037343
0.021365
0.005711
-0.009594
-0.024528
-0.039069
-0.053194
-0.066882
-0.080113
-0.092864
-0.105117
-0.116851
-0.128047
-0.138688
-0.148755
-0.158231
-0.167100
-0.175345
-0.182952
-0.189906
-0.196193
-0.201800
-0.206716
-0.210928
-0.214427
-0.217202
-0.219245
-0.220547
-0.221101
-0.220902
-0.219943
-0.218220
-0.215729
-0.212468
-0.208434
-0.203627
-0.198048
-0.191696
-0.184573
-0.176683
-0.168029
-0.158616
-0.148450
-0.137536
-0.125883
-0.113498
-0.100392
-0.086573
-0.072053
-0.056844
-0.040958
-0.024410
-0.007214
0.010616
0.029063
0.048111
0.067740
0.087935
0.108674
0.129939
0.151709
0.173963
0.196678
0.219833
0.243405
0.267370
0.291703
0.316380
0.341376
0.366666
0.392223
0.418020
0.444032
0.470230
0.496588
0.523077
0.549670
0.576338
0.603052
0.629785
0.656508
0.683191
0.709806
0.736324
0.762717
0.788955
0.815009
0.840852
0.866455
0.891789
0.916827
0.941540
0.965901
0.989884
1.013460
1.036604
1.059290
1.081492
1.103185
1.124344
1.144946
1.164966
1.184382
1.203172
1.221313
1.238786
1.255569
1.271643
1.286990
1.301591
1.315430
1.328489
1.340753
1.352208
1.362840
1.372636
1.381583
1.389672
1.396891
1.403231
1.408686
1.413246
1.416906
1.419661
1.421507
1.422441
1.422459
1.421562
1.419749
1.417022
1.413381
1.408831
1.403374
1.397018
1.389766
1.381627
1.372609
1.362721
1.351973
1.340376
1.327943
1.314686
1.300619
1.285758
1.270119
1.253717
1.236572
1.218701
1.200124
1.180861
1.160934
1.140363
1.119172
1.097383
1.075022
1.052112
1.028679
1.004749
0.980349
0.955505
0.930245
0.904597
0.878591
0.852254
0.825617
0.798709
0.771561
0.744202
0.716664
0.688977
0.661173
0.633283
0.605338
0.577370
0.549410
0.521490
0.493641
0.465895
0.438282
0.410836
0.383585
0.356561
0.329795
0.303317
0.277156
0.251343
0.225906
0.200874
0.176276
0.152139
0.128491
0.105357
0.082765
0.060740
0.039305
0.018487
-0.001693
-0.021212
-0.040047
-0.058178
-0.075584
-0.092247
-0.108148
-0.123268
-0.137593
-0.151105
-0.163791
-0.175636
-0.186629
-0.196756
-0.206009
-0.214376
-0.221851
-0.228424
-0.234090
-0.238844
-0.242682
-0.245600
-0.247598
-0.248673
-0.248826
-0.248060
-0.246376
-0.243779
-0.240273
-0.235865
-0.230561
-0.224370
-0.217301
-0.209365
-0.200574
-0.190939
-0.180476
-0.169198
-0.157121
-0.144263
-0.130641
-0.116273
-0.101181
-0.085384
-0.068904
-0.051764
-0.033987
-0.015597
0.003380
0.022919
0.042993
0.063574
0.084635
0.106146
0.128079
0.150403
0.173087
0.196102
0.219414
0.242992
0.266803
0.290815
0.314994
0.339306
0.363718
0.388196
0.412705
0.437210
0.461677
0.486072
0.510360
0.534505
0.558474
0.582231
0.605742
0.628973
0.651890
0.674458
0.696645
0.718416
0.739739
0.760582
0.780911
0.800696
0.819906
0.838509
0.856476
0.873778
0.890386
0.906271
0.921407
0.935767
0.949325
0.962056
0.973937
0.984944
0.995055
1.004248
1.012503
1.019802
1.026124
1.031454
1.035775
1.039072
1.041330
1.042537
1.042682
1.041752
1.039740
1.036636
1.032434
1.027128
1.020713
1.013185
1.004543
0.994785
0.983912
0.971926
0.958828
0.944624
0.929318
0.912917
0.895428
0.876861
0.857226
0.836533
0.814797
0.792030
0.768247
0.743465
0.717701
0.690973
0.663301
0.634705
0.605207
0.574830
0.543597
0.511534
0.478665
0.445018
0.410621
0.375501
0.339688
0.303212
0.266105
0.228397
0.190122
0.151313
0.112002
0.072226
0.032018
-0.008585
-0.049548
-0.090833
-0.132405
-0.174226
-0.216257
-0.258461
-0.300799
-0.343234
-0.385726
-0.428237
-0.470727
-0.513158
-0.555490
-0.597686
-0.639705
-0.681508
-0.723059
-0.764317
-0.805246
-0.845806
-0.885961
-0.925673
-0.964906
-1.003623
-1.041789
-1.079368
-1.116326
-1.152629
-1.188243
-1.223135
-1.257275
-1.290629
-1.323169
-1.354864
-1.385686
-1.415607
-1.444600
-1.472639
-1.499699
-1.525757
-1.550789
-1.574774
-1.597691
-1.619521
-1.640245
-1.659845
-1.678306
-1.695613
-1.711752
-1.726711
-1.740478
-1.753044
-1.764400
-1.774539
-1.783454
-1.791141
-1.797595
-1.802816
-1.806803
-1.809554
-1.811073
-1.811363
-1.810427
-1.808272
-1.804904
-1.800331
-1.794564
-1.787613
-1.779489
-1.770207
-1.759781
-1.748226
-1.735559
-1.721799
-1.706964
-1.691075
-1.674154
-1.656223
-1.637305
-1.617426
-1.596610
-1.574885
-1.552278
-1.528818
-1.504533
-1.479454
-1.453613
-1.427041
-1.399769
-1.371833
-1.343265
-1.314100
-1.284374
-1.254122
-1.223379
-1.192184
-1.160572
-1.128582
-1.096251
-1.063618
-1.030720
-0.997597
-0.964287
-0.930829
-0.897262
-0.863625
-0.829957
-0.796297
-0.762684
-0.729156
-0.695753
-0.662513
-0.629473
-0.596671
-0.564146
-0.531933
-0.500069
-0.468591
-0.437534
-0.406933
-0.376822
-0.347236
-0.318207
-0.289767
-0.261949
-0.234783
-0.208300
-0.182527
-0.157494
-0.133229
-0.109756
-0.087103
-0.065293
-0.044349
-0.024295
-0.005151
0.013063
0.030327
0.046624
0.061937
0.076251
0.089551
0.101824
0.113059
0.123244
0.132371
0.140431
0.147418
0.153327
0.158152
0.161892
0.164544
0.166109
0.166587
0.165980
0.164293
0.161531
0.157698
0.152804
0.146856
0.139864
0.131841
0.122797
0.112748
0.101707
0.089691
0.076717
0.062803
0.047970
0.032236
0.015625
-0.001842
-0.020140
-0.039246
-0.059133
-0.079774
-0.101143
-0.123211
-0.145948
-0.169326
-0.193313
-0.217877
-0.242987
-0.268609
-0.294711
-0.321259
-0.348217
-0.375550
-0.403225
-0.431203
-0.459450
-0.487928
-0.516601
-0.545432
-0.574383
-0.603417
-0.632496
-0.661582
-0.690639
-0.719627
-0.748511
-0.777251
-0.805811
-0.834154
-0.862243
-0.890041
-0.917512
-0.944619
-0.971328
-0.997604
-1.023411
-1.048715
-1.073484
-1.097684
-1.121283
-1.144249
-1.166552
-1.188161
-1.209047
-1.229182
-1.248539
-1.267089
-1.284808
-1.301671
-1.317653
-1.332732
-1.346887
-1.360095
-1.372338
-1.383598
-1.393855
-1.403095
-1.411302
-1.418462
-1.424562
-1.429591
-1.433538
-1.436394
-1.438152
-1.438805
-1.438347
-1.436774
-1.434085
-1.430276
-1.425349
-1.419303
-1.412142
-1.403870
-1.394490
-1.384009
-1.372435
-1.359776
-1.346043
-1.331246
-1.315397
-1.298512
-1.280603
-1.261688
-1.241782
-1.220906
-1.199077
-1.176317
-1.152646
-1.128088
-1.102666
-1.076405
-1.049329
-1.021467
-0.992844
-0.963489
-0.933432
-0.902702
-0.871329
-0.839346
-0.806784
-0.773676
-0.740056
-0.705957
-0.671414
-0.636462
-0.601136
-0.565473
-0.529508
-0.493279
-0.456822
-0.420174
-0.383374
-0.346458
-0.309464
-0.272431
-0.235396
-0.198397
-0.161472
-0.124659
-0.087995
-0.051518
-0.015265
0.020727
0.056421
0.091780
0.126768
0.161351
0.195492
0.229158
0.262313
0.294925
0.326960
0.358386
0.389171
0.419285
0.448697
0.477378
0.505300
0.532434
0.558754
0.584235
0.608850
0.632576
0.655390
0.677271
0.698196
0.718147
0.737105
0.755051
0.771969
0.787845
0.802663
0.816411
0.829076
0.840649
0.851120
0.860480
0.868722
0.875842
0.881833
0.886694
0.890422
0.893017
0.894478
0.894808
0.894010
0.892087
0.889047
0.884894
0.879638
0.873287
0.865852
0.857344
0.847776
0.837163
0.825518
0.812858
0.799201
0.784564
0.768967
0.752432
0.734978
0.716628
0.697406
0.677337
0.656444
0.634756
0.612297
0.589097
0.565184
0.540586
0.515335
0.489461
0.462994
0.435967
0.408413
0.380365
0.351856
0.322919
0.293590
0.263904
0.233895
0.203598
0.173051
0.142287
0.111344
0.080258
0.049065
0.017802
-0.013496
-0.044792
-0.076049
-0.107232
-0.138304
-0.169230
-0.199974
-0.230500
-0.260774
-0.290760
-0.320426
-0.349736
-0.378657
-0.407157
-0.435203
-0.462763
-0.489806
-0.516302
-0.542220
-0.567532
-0.592208
-0.616222
-0.639547
-0.662155
-0.684023
-0.705126
-0.725439
-0.744942
-0.763612
-0.781429
-0.798373
-0.814425
-0.829569
-0.843787
-0.857064
-0.869386
-0.880739
-0.891112
-0.900493
-0.908873
-0.916242
-0.922594
-0.927921
-0.932219
-0.935482
-0.937709
-0.938898
-0.939047
-0.938157
-0.936230
-0.933269
-0.929277
-0.924259
-0.918222
-0.911174
-0.903121
-0.894074
-0.884044
-0.873042
-0.861080
-0.848172
-0.834334
-0.819580
-0.803927
-0.787394
-0.769997
-0.751757
-0.732694
-0.712830
-0.692185
-0.670783
-0.648647
-0.625802
-0.602272
-0.578083
-0.553262
-0.527834
-0.501828
-0.475271
-0.448192
-0.420620
-0.392584
-0.364114
-0.335240
-0.305993
-0.276403
-0.246502
-0.216320
-0.185889
-0.155241
-0.124408
-0.093420
-0.062310
-0.031110
0.000148
0.031434
0.062714
0.093959
0.125136
0.156215
0.187165
0.217955
0.248556
0.278937
0.309070
0.338924
0.368473
0.397687
0.426539
0.455002
0.483051
0.510658
0.537800
0.564451
0.590588
0.616189
0.641229
0.665689
0.689547
0.712784
0.735379
0.757316
0.778577
0.799144
0.819003
0.838139
0.856538
0.874187
0.891074
0.907189
0.922522
0.937062
0.950804
0.963738
0.975861
0.987165
0.997648
1.007307
1.016139
1.024143
1.031319
1.037669
1.043194
1.047898
1.051783
1.054855
1.057119
1.058583
1.059254
1.059140
1.058251
1.056598
1.054190
1.051041
1.047164
1.042571
1.037278
1.031299
1.024650
1.017349
1.009412
1.000858
0.991705
0.981972
0.971679
0.960847
0.949496
0.937649
0.925327
0.912551
0.899346
0.885735
0.871740
0.857385
0.842696
0.827695
0.812408
0.796860
0.781075
0.765078
0.748895
0.732551
0.716071
0.699480
0.682804
0.666068
0.649296
0.632513
0.615745
0.599016
0.582349
0.565770
0.549301
0.532966
0.516789
0.500791
0.484996
0.469424
0.454097
0.439037
0.424263
0.409795
0.395652
0.381854
0.368417
0.355360
0.342699
0.330450
0.318629
0.307250
0.296327
0.285874
0.275902
0.266423
0.257448
0.248987
0.241050
0.233644
0.226778
0.220457
0.214689
0.209477
0.204826
0.200739
0.197219
0.194267
0.191884
0.190070
0.188824
0.188143
0.188025
0.188467
0.189464
0.191010
0.193100
0.195727
0.198883
0.202559
0.206747
0.211435
0.216614
0.222271
0.228394
0.234972
0.241988
0.249431
0.257283
0.265531
0.274157
0.283145
0.292477
0.302136
0.312104
0.322360
0.332887
0.343664
0.354672
0.365889
0.377295
0.388868
0.400588
0.412431
0.424378
0.436404
0.448489
0.460609
0.472741
0.484864
0.496954
0.508989
0.520945
0.532801
0.544533
0.556120
0.567538
0.578765
0.589779
0.600560
0.611084
0.621330
0.631278
0.640908
0.650197
0.659128
0.667680
0.675834
0.683572
0.690876
0.697727
0.704110
0.710007
0.715403
0.720282
0.724630
0.728433
0.731677
0.734350
0.736441
0.737937
0.738828
0.739105
0.738758
0.737780
0.736163
0.733901
0.730987
0.727417
0.723186
0.718291
0.712731
0.706502
0.699605
0.692039
0.683806
0.674906
0.665343
0.655121
0.644242
0.632713
0.620540
0.607728
0.594287
0.580223
0.565547
0.550269
0.534398
0.517948
0.500929
0.483355
0.465241
0.446599
0.427446
0.407797
0.387669
0.367079
0.346045
0.324584
0.302717
0.280461
0.257838
0.234868
0.211572
0.187971
0.164087
0.139942
0.115560
0.090962
0.066172
0.041215
0.016113
-0.009110
-0.034428
-0.059818
-0.085254
-0.110713
-0.136169
-0.161597
-0.186973
-0.212271
-0.237467
-0.262535
-0.287452
-0.312192
-0.336731
-0.361044
-0.385108
-0.408899
-0.432393
-0.455567
-0.478397
-0.500862
-0.522938
-0.544604
-0.565839
-0.586622
-0.606932
-0.626749
-0.646053
-0.664826
-0.683050
-0.700706
-0.717777
-0.734247
-0.750101
-0.765322
-0.779896
-0.793810
-0.807050
-0.819604
-0.831460
-0.842608
-0.853037
-0.862739
-0.871704
-0.879925
-0.887395
-0.894108
-0.900060
-0.905244
-0.909658
-0.913300
-0.916166
-0.918257
-0.919572
-0.920112
-0.919878
-0.918872
-0.917097
-0.914559
-0.911261
-0.907208
-0.902409
-0.896868
-0.890596
-0.883600
-0.875889
-0.867475
-0.858369
-0.848581
-0.838125
-0.827013
-0.815260
-0.802879
-0.789887
-0.776298
-0.762130
-0.747398
-0.732120
-0.716315
-0.700001
-0.683196
-0.665920
-0.648194
-0.630036
-0.611469
-0.592512
-0.573188
-0.553517
-0.533522
-0.513225
-0.492649
-0.471815
-0.450747
-0.429467
-0.407998
-0.386364
-0.364588
-0.342692
-0.320700
-0.298635
-0.276519
-0.254377
-0.232230
-0.210101
-0.188013
-0.165988
-0.144048
-0.122215
-0.100510
-0.078955
-0.057569
-0.036375
-0.015392
0.005361
0.025864
0.046099
0.066047
0.085689
0.105010
0.123992
0.142619
0.160876
0.178746
0.196217
0.213274
0.229905
0.246095
0.261835
0.277113
0.291918
0.306241
0.320072
0.333404
0.346229
0.358541
0.370332
0.381599
0.392337
0.402541
0.412209
0.421339
0.429929
0.437979
0.445489
0.452460
0.458893
0.464790
0.470156
0.474993
0.479306
0.483101
0.486384
0.489162
0.491441
0.493230
0.494538
0.495374
0.495749
0.495672
0.495156
0.494212
0.492852
0.491090
0.488939
0.486413
0.483527
0.480295
0.476733
0.472857
0.468683
0.464228
0.459508
0.454541
0.449345
0.443936
0.438335
0.432557
0.426623
0.420551
0.414359
0.408067
0.401693
0.395256
0.388776
0.382272
0.375762
0.369265
0.362802
0.356389
0.350046
0.343792
0.337644
0.331621
0.325740
0.320019
0.314476
0.309126
0.303987
0.299075
0.294406
0.289994
0.285856
0.282005
0.278455
0.275220
0.272312
0.269745
0.267529
0.265676
0.264197
0.263102
0.262400
0.262099
0.262208
0.262734
0.263684
0.265063
0.266877
0.269131
0.271827
0.274970
0.278561
0.282602
0.287094
0.292037
0.297429
0.303270
0.309558
0.316288
0.323458
0.331062
0.339096
0.347553
0.356427
0.365709
0.375392
0.385467
0.395923
0.406751
0.417938
0.429474
0.441346
0.453540
0.466043
0.478840
0.491917
0.505257
0.518845
0.532663
0.546695
0.560923
0.575328
0.589891
0.604594
0.619417
0.634340
0.649342
0.664403
0.679502
0.694617
0.709727
0.724810
0.739844
0.754807
0.769677
0.784430
0.799045
0.813499
0.827768
0.841831
0.855665
0.869247
0.882554
0.895565
0.908256
0.920606
0.932593
0.944196
0.955392
0.966161
0.976482
0.986334
0.995697
1.004552
1.012879
1.020660
1.027877
1.034510
1.040544
1.045961
1.050745
1.054881
1.058354
1.061149
1.063253
1.064653
1.065336
1.065292
1.064510
1.062978
1.060689
1.057634
1.053805
1.049196
1.043800
1.037613
1.030629
1.022847
1.014263
1.004875
0.994683
0.983688
0.971889
0.959290
0.945892
0.931699
0.916717
0.900951
0.884407
0.867092
0.849015
0.830185
0.810611
0.790306
0.769279
0.747544
0.725114
0.702004
0.678228
0.653803
0.628744
0.603069
0.576796
0.549945
0.522534
0.494584
0.466116
0.437151
0.407711
0.377820
0.347500
0.316776
0.285672
0.254212
0.222423
0.190330
0.157960
0.125338
0.092493
0.059451
0.026240
-0.007112
-0.040577
-0.074126
-0.107731
-0.141363
-0.174994
-0.208595
-0.242136
-0.275589
-0.308924
-0.342114
-0.375129
-0.407940
-0.440520
-0.472839
-0.504870
-0.536585
-0.567956
-0.598956
-0.629559
-0.659736
-0.689463
-0.718714
-0.747463
-0.775686
-0.803358
-0.830456
-0.856957
-0.882839
-0.908078
-0.932655
-0.956548
-0.979739
-1.002207
-1.023935
-1.044904
-1.065099
-1.084503
-1.103100
-1.120878
-1.137822
-1.153920
-1.169160
-1.183532
-1.197025
-1.209632
-1.221343
-1.232152
-1.242053
-1.251041
-1.259112
-1.266262
-1.272490
-1.277795
-1.282176
-1.285634
-1.288171
-1.289791
-1.290496
-1.290291
-1.289183
-1.287177
-1.284282
-1.280507
-1.275860
-1.270352
-1.263995
-1.256801
-1.248783
-1.239955
-1.230332
-1.219930
-1.208764
-1.196853
-1.184215
-1.170868
-1.156833
-1.142128
-1.126776
-1.110797
-1.094215
-1.077051
-1.059330
-1.041076
-1.022312
-1.003063
-0.983356
-0.963217
-0.942670
-0.921744
-0.900464
-0.878859
-0.856956
-0.834782
-0.812366
-0.789736
-0.766919
-0.743945
-0.720842
-0.697639
-0.674363
-0.651044
-0.627709
-0.604388
-0.581108
-0.557897
-0.534783
-0.511794
-0.488956
-0.466298
-0.443845
-0.421624
-0.399660
-0.377980
-0.356607
-0.335568
-0.314884
-0.294581
-0.274681
-0.255207
-0.236179
-0.217618
-0.199546
-0.181982
-0.164945
-0.148452
-0.132521
-0.117169
-0.102412
-0.088263
-0.074739
-0.061851
-0.049612
-0.038034
-0.027127
-0.016900
-0.007363
0.001477
0.009613
0.017038
0.023749
0.029742
0.035012
0.039559
0.043381
0.046478
0.048851
0.050502
0.051433
0.051649
0.051155
0.049955
0.048057
0.045468
0.042197
0.038253
0.033646
0.028388
0.022491
0.015967
0.008831
0.001096
-0.007221
-0.016105
-0.025539
-0.035506
-0.045986
-0.056960
-0.068410
-0.080315
-0.092654
-0.105405
-0.118546
-0.132056
-0.145910
-0.160085
-0.174557
-0.189302
-0.204295
-0.219511
-0.234925
-0.250510
-0.266241
-0.282092
-0.298036
-0.314048
-0.330099
-0.346165
-0.362217
-0.378230
-0.394177
-0.410031
-0.425765
-0.441354
-0.456772
-0.471991
-0.486987
-0.501734
-0.516207
-0.530381
-0.544231
-0.557735
-0.570867
-0.583605
-0.595926
-0.607808
-0.619230
-0.630170
-0.640609
-0.650525
-0.659901
-0.668718
-0.676959
-0.684605
-0.691642
-0.698053
-0.703825
-0.708943
-0.713395
-0.717168
-0.720251
-0.722635
-0.724309
-0.725265
-0.725496
-0.724995
-0.723756
-0.721775
-0.719049
-0.715574
-0.711348
-0.706371
-0.700644
-0.694167
-0.686943
-0.678975
-0.670267
-0.660824
-0.650653
-0.639761
-0.628156
-0.615846
-0.602842
-0.589156
-0.574798
-0.559781
-0.544120
-0.527829
-0.510923
-0.493419
-0.475334
-0.456685
-0.437492
-0.417773
-0.397550
-0.376842
-0.355673
-0.334063
-0.312036
-0.289616
-0.266826
-0.243692
-0.220238
-0.196490
-0.172475
-0.148219
-0.123749
-0.099092
-0.074276
-0.049329
-0.024279
0.000844
0.026014
0.051200
0.076374
0.101506
0.126569
0.151532
0.176366
0.201043
0.225533
0.249809
0.273840
0.297600
0.321059
0.344190
0.366965
0.389357
0.411339
0.432885
0.453969
0.474565
0.494649
0.514195
0.533181
0.551582
0.569377
0.586544
0.603061
0.618908
0.634064
0.648513
0.662234
0.675211
0.687427
0.698868
0.709518
0.719363
0.728391
0.736590
0.743949
0.750458
0.756109
0.760893
0.764804
0.767836
0.769984
0.771245
0.771617
0.771096
0.769684
0.767381
0.764188
0.760109
0.755146
0.749306
0.742595
0.735019
0.726586
0.717306
0.707189
0.696247
0.684492
0.671937
0.658596
0.644485
0.629621
0.614020
0.597701
0.580683
0.562986
0.544630
0.525639
0.506033
0.485837
0.465074
0.443770
0.421949
0.399639
0.376867
0.353659
0.330044
0.306050
0.281707
0.257045
0.232093
0.206883
0.181444
0.155809
0.130010
0.104077
0.078043
0.051941
0.025803
-0.000339
-0.026452
-0.052502
-0.078458
-0.104287
-0.129956
-0.155432
-0.180684
-0.205679
-0.230385
-0.254771
-0.278804
-0.302456
-0.325694
-0.348488
-0.370810
-0.392629
-0.413917
-0.434647
-0.454790
-0.474319
-0.493210
-0.511435
-0.528971
-0.545793
-0.561879
-0.577206
-0.591752
-0.605498
-0.618423
-0.630509
-0.641737
-0.652092
-0.661558
-0.670119
-0.677762
-0.684475
-0.690246
-0.695064
-0.698921
-0.701808
-0.703717
-0.704644
-0.704583
-0.703531
-0.701486
-0.698445
-0.694410
-0.689382
-0.683362
-0.676354
-0.668363
-0.659395
-0.649456
-0.638556
-0.626703
-0.613909
-0.600184
-0.585541
-0.569995
-0.553561
-0.536254
-0.518091
-0.499092
-0.479275
-0.458660
-0.437269
-0.415124
-0.392248
-0.368665
-0.344401
-0.319480
-0.293929
-0.267777
-0.241051
-0.213779
-0.185992
-0.157720
-0.128994
-0.099845
-0.070306
-0.040408
-0.010185
0.020329
0.051101
0.082096
0.113280
0.144618
0.176075
0.207615
0.239203
0.270804
0.302381
0.333900
0.365324
0.396617
0.427745
0.458672
0.489362
0.519781
0.549894
0.579666
0.609064
0.638053
0.666601
0.694674
0.722241
0.749270
0.775729
0.801589
0.826818
0.851389
0.875273
0.898441
0.920868
0.942528
0.963394
0.983444
1.002653
1.021000
1.038463
1.055021
1.070656
1.085350
1.099085
1.111846
1.123616
1.134384
1.144136
1.152861
1.160549
1.167191
1.172779
1.177306
1.180769
1.183162
1.184484
1.184732
1.183907
1.182009
1.179042
1.175009
1.169915
1.163766
1.156570
1.148336
1.139073
1.128793
1.117509
1.105234
1.091983
1.077773
1.062620
1.046544
1.029562
1.011698
0.992971
0.973406
0.953025
0.931854
0.909918
0.887245
0.863862
0.839798
0.815082
0.789745
0.763817
0.737331
0.710319
0.682814
0.654850
0.626463
0.597686
0.568556
0.539108
0.509379
0.479406
0.449226
0.418877
0.388397
0.357823
0.327194
0.296549
0.265925
0.235362
0.204897
0.174569
0.144417
0.114479
0.084793
0.055396
0.026327
-0.002378
-0.030682
-0.058549
-0.085941
-0.112825
-0.139164
-0.164925
-0.190074
-0.214578
-0.238403
-0.261520
-0.283896
-0.305502
-0.326308
-0.346287
-0.365410
-0.383651
-0.400986
-0.417389
-0.432837
-0.447308
-0.460780
-0.473234
-0.484651
-0.495013
-0.504303
-0.512506
-0.519608
-0.525597
-0.530460
-0.534188
-0.536772
-0.538204
-0.538478
-0.537590
-0.535534
-0.532310
-0.527917
-0.522355
-0.515626
-0.507733
-0.498681
-0.488476
-0.477125
-0.464638
-0.451023
-0.436293
-0.420459
-0.403537
-0.385541
-0.366488
-0.346396
-0.325283
-0.303171
-0.280079
-0.256032
-0.231053
-0.205166
-0.178398
-0.150775
-0.122326
-0.093080
-0.063067
-0.032318
-0.000864
0.031262
0.064025
0.097392
0.131328
0.165797
0.200762
0.236186
0.272032
0.308261
0.344835
0.381715
0.418860
0.456231
0.493789
0.531491
0.569298
0.607168
0.645061
0.682936
0.720751
0.758464
0.796036
0.833425
0.870591
0.907492
0.944088
0.980339
1.016207
1.051650
1.086631
1.121111
1.155052
1.188418
1.221170
1.253274
1.284693
1.315395
1.345344
1.374507
1.402854
1.430352
1.456971
1.482682
1.507457
1.531269
1.554091
1.575899
1.596669
1.616377
1.635003
1.652526
1.668926
1.684187
1.698292
1.711225
1.722973
1.733523
1.742864
1.750986
1.757881
1.763541
1.767961
1.771137
1.773066
1.773747
1.773179
1.771364
1.768305
1.764007
1.758474
1.751715
1.743737
1.734550
1.724166
1.712598
1.699859
1.685964
1.670932
1.654778
1.637523
1.619187
1.599792
1.579360
1.557917
1.535486
1.512095
1.487772
1.462543
1.436440
1.409493
1.381732
1.353192
1.323905
1.293905
1.263227
1.231907
1.199982
1.167488
1.134464
1.100948
1.066979
1.032596
0.997840
0.962750
0.927367
0.891732
0.855887
0.819873
0.783731
0.747504
0.711234
0.674961
0.638728
0.602577
0.566549
0.530686
0.495029
0.459618
0.424496
0.389701
0.355273
0.321253
0.287679
0.254589
0.222020
0.190011
0.158597
0.127813
0.097696
0.068278
0.039593
0.011674
-0.015450
-0.041746
-0.067186
-0.091742
-0.115386
-0.138093
-0.159837
-0.180594
-0.200343
-0.219061
-0.236729
-0.253328
-0.268840
-0.283249
-0.296541
-0.308702
-0.319720
-0.329585
-0.338286
-0.345817
-0.352170
-0.357342
-0.361328
-0.364126
-0.365736
-0.366159
-0.365397
-0.363454
-0.360334
-0.356045
-0.350595
-0.343994
-0.336251
-0.327381
-0.317395
-0.306311
-0.294143
-0.280911
-0.266632
-0.251328
-0.235020
-0.217732
-0.199487
-0.180312
-0.160232
-0.139275
-0.117471
-0.094848
-0.071439
-0.047275
-0.022388
0.003186
0.029414
0.056260
0.083687
0.111659
0.140137
0.169083
0.198457
0.228221
0.258333
0.288753
0.319439
0.350351
0.381445
0.412680
0.444014
0.475402
0.506804
0.538174
0.569472
0.600653
0.631675
0.662494
0.693069
0.723356
0.753314
0.782901
0.812074
0.840793
0.869018
0.896707
0.923822
0.950323
0.976173
1.001332
1.025765
1.049435
1.072307
1.094347
1.115520
1.135795
1.155139
1.173522
1.190915
1.207289
1.222617
1.236872
1.250031
1.262068
1.272962
1.282692
1.291237
1.298579
1.304702
1.309589
1.313225
1.315599
1.316699
1.316514
1.315036
1.312258
1.308175
1.302781
1.296076
1.288056
1.278724
1.268081
1.256130
1.242877
1.228327
1.212490
1.195373
1.176989
1.157349
1.136468
1.114361
1.091044
1.066537
1.040857
1.014027
0.986068
0.957005
0.926861
0.895664
0.863441
0.830220
0.796031
0.760906
0.724875
0.687974
0.650234
0.611693
0.572386
0.532350
0.491624
0.450245
0.408254
0.365692
0.322599
0.279016
0.234988
0.190555
0.145763
0.100655
0.055274
0.009667
-0.036121
-0.082047
-0.128063
-0.174124
-0.220185
-0.266198
-0.312119
-0.357902
-0.403500
-0.448867
-0.493959
-0.538730
-0.583135
-0.627129
-0.670669
-0.713709
-0.756208
-0.798122
-0.839409
-0.880027
-0.919935
-0.959094
-0.997464
-1.035007
-1.071684
-1.107459
-1.142296
-1.176160
-1.209017
-1.240835
-1.271582
-1.301226
-1.329740
-1.357094
-1.383261
-1.408217
-1.431936
-1.454395
-1.475572
-1.495448
-1.514002
-1.531218
-1.547079
-1.561571
-1.574679
-1.586393
-1.596702
-1.605596
-1.613069
-1.619115
-1.623730
-1.626910
-1.628654
-1.628963
-1.627839
-1.625284
-1.621303
-1.615903
-1.609091
-1.600877
-1.591272
-1.580287
-1.567937
-1.554236
-1.539201
-1.522850
-1.505202
-1.486277
-1.466098
-1.444688
-1.422071
-1.398273
-1.373322
-1.347244
-1.320069
-1.291829
-1.262553
-1.232275
-1.201028
-1.168846
-1.135766
-1.101822
-1.067053
-1.031495
-0.995188
-0.958171
-0.920483
-0.882166
-0.843261
-0.803808
-0.763851
-0.723432
-0.682593
-0.641379
-0.599831
-0.557995
-0.515914
-0.473632
-0.431193
-0.388641
-0.346020
-0.303375
-0.260749
-0.218186
-0.175729
-0.133421
-0.091306
-0.049425
-0.007822
0.033464
0.074389
0.114915
0.155002
0.194609
0.233698
0.272233
0.310174
0.347488
0.384137
0.420088
0.455308
0.489763
0.523423
0.556256
0.588234
0.619328
0.649511
0.678757
0.707042
0.734341
0.760634
0.785898
0.810113
0.833263
0.855329
0.876295
0.896148
0.914875
0.932463
0.948903
0.964186
0.978304
0.991252
1.003025
1.013620
1.023036
1.031271
1.038327
1.044207
1.048915
1.052456
1.054837
1.056066
1.056152
1.055107
1.052943
1.049673
1.045312
1.039876
1.033383
1.025851
1.017300
1.007751
0.997225
0.985747
0.973341
0.960032
0.945846
0.930811
0.914956
0.898309
0.880901
0.862763
0.843926
0.824424
0.804289
0.783556
0.762259
0.740434
0.718116
0.695342
0.672149
0.648573
0.624652
0.600425
0.575928
0.551202
0.526284
0.501212
0.476027
0.450766
0.425469
0.400175
0.374921
0.349748
0.324692
0.299792
0.275087
0.250612
0.226407
0.202507
0.178949
0.155768
0.133000
0.110679
0.088839
0.067514
0.046736
0.026536
0.006947
-0.012002
-0.030281
-0.047863
-0.064718
-0.080822
-0.096148
-0.110671
-0.124369
-0.137218
-0.149198
-0.160287
-0.170468
-0.179722
-0.188033
-0.195384
-0.201762
-0.207154
-0.211548
-0.214934
-0.217301
-0.218643
-0.218952
-0.218224
-0.216453
-0.213639
-0.209778
-0.204872
-0.198920
-0.191927
-0.183895
-0.174829
-0.164737
-0.153625
-0.141503
-0.128380
-0.114269
-0.099182
-0.083133
-0.066136
-0.048208
-0.029366
-0.009630
0.010983
0.032451
0.054752
0.077864
0.101762
0.126424
0.151822
0.177930
0.204722
0.232169
0.260242
0.288911
0.318146
0.347916
0.378189
0.408933
0.440116
0.471703
0.503660
0.535955
0.568551
0.601414
0.634509
0.667800
0.701251
0.734826
0.768489
0.802205
0.835936
0.869646
0.903300
0.936861
0.970294
1.003562
1.036630
1.069464
1.102027
1.134285
1.166204
1.197751
1.228892
1.259594
1.289825
1.319554
1.348750
1.377381
1.405419
1.432835
1.459601
1.485689
1.511074
1.535728
1.559629
1.582752
1.605074
1.626573
1.647230
1.667023
1.685935
1.703948
1.721045
1.737211
1.752432
1.766695
1.779987
1.792298
1.803619
1.813941
1.823257
1.831561
1.838848
1.845115
1.850359
1.854580
1.857778
1.859953
1.861109
1.861250
1.860381
1.858507
1.855636
1.851777
1.846940
1.841136
1.834376
1.826673
1.818043
1.808500
1.798061
1.786743
1.774565
1.761546
1.747707
1.733069
1.717653
1.701485
1.684586
