-0.191421
-0.185126
-0.178926
-0.172829
-0.166839
-0.160963
-0.155207
-0.149576
-0.144075
-0.138709
-0.133483
-0.128402
-0.123470
-0.118692
-0.114071
-0.109611
-0.105316
-0.101188
-0.097232
-0.093448
-0.089840
-0.086411
-0.083161
-0.080093
-0.077208
-0.074507
-0.071991
-0.069660
-0.067515
-0.065556
-0.063783
-0.062194
-0.060790
-0.059569
-0.058529
-0.057670
-0.056989
-0.056484
-0.056152
-0.055992
-0.055999
-0.056172
-0.056505
-0.056997
-0.057642
-0.058436
-0.059375
-0.060455
-0.061670
-0.063016
-0.064486
-0.066077
-0.067780
-0.069592
-0.071506
-0.073515
-0.075613
-0.077794
-0.080050
-0.082375
-0.084761
-0.087202
-0.089690
-0.092217
-0.094777
-0.097361
-0.099962
-0.102572
-0.105182
-0.107786
-0.110375
-0.112941
-0.115476
-0.117972
-0.120421
-0.122815
-0.125145
-0.127405
-0.129584
-0.131677
-0.133674
-0.135568
-0.137352
-0.139017
-0.140555
-0.141960
-0.143224
-0.144340
-0.145300
-0.146098
-0.146726
-0.147179
-0.147449
-0.147531
-0.147417
-0.147103
-0.146582
-0.145849
-0.144899
-0.143727
-0.142327
-0.140696
-0.138828
-0.136721
-0.134369
-0.131771
-0.128922
-0.125819
-0.122460
-0.118843
-0.114965
-0.110825
-0.106422
-0.101754
-0.096820
-0.091621
-0.086156
-0.080425
-0.074429
-0.068169
-0.061646
-0.054861
-0.047817
-0.040516
-0.032960
-0.025152
-0.017096
-0.008796
-0.000254
0.008524
0.017533
0.026770
0.036228
0.045902
0.055786
0.065873
0.076158
0.086633
0.097290
0.108123
0.119124
0.130284
0.141596
0.153050
0.164637
0.176349
0.188176
0.200108
0.212136
0.224249
0.236436
0.248688
0.260994
0.273342
0.285722
0.298122
0.310530
0.322936
0.335327
0.347691
0.360018
0.372293
0.384506
0.396644
0.408694
0.420646
0.432485
0.444199
0.455777
0.467206
0.478472
0.489565
0.500472
0.511179
0.521676
0.531949
0.541987
0.551779
0.561311
0.570572
0.579551
0.588237
0.596617
0.604682
0.612419
0.619820
0.626872
0.633566
0.639892
0.645841
0.651402
0.656567
0.661328
0.665674
0.669599
0.673093
0.676151
0.678764
0.680925
0.682629
0.683869
0.684639
0.684934
0.684749
0.684079
0.682921
0.681270
0.679124
0.676480
0.673334
0.669686
0.665534
0.660876
0.655712
0.650043
0.643868
0.637188
0.630005
0.622320
0.614135
0.605454
0.596280
0.586616
0.576466
0.565835
0.554729
0.543152
0.531111
0.518612
0.505663
0.492271
0.478443
0.464189
0.449517
0.434435
0.418955
0.403086
0.386838
0.370223
0.353251
0.335936
0.318288
0.300320
0.282046
0.263478
0.244630
0.225516
0.206150
0.186548
0.166722
0.146690
0.126466
0.106066
0.085506
0.064802
0.043971
0.023029
0.001993
-0.019120
-0.040293
-0.061508
-0.082749
-0.103997
-0.125235
-0.146446
-0.167610
-0.188712
-0.209732
-0.230652
-0.251456
-0.272125
-0.292641
-0.312986
-0.333143
-0.353094
-0.372821
-0.392308
-0.411536
-0.430489
-0.449150
-0.467501
-0.485527
-0.503211
-0.520537
-0.537489
-0.554051
-0.570208
-0.585946
-0.601249
-0.616103
-0.630494
-0.644409
-0.657833
-0.670755
-0.683162
-0.695042
-0.706382
-0.717173
-0.727403
-0.737061
-0.746139
-0.754627
-0.762515
-0.769796
-0.776463
-0.782507
-0.787922
-0.792701
-0.796841
-0.800334
-0.803177
-0.805366
-0.806898
-0.807769
-0.807978
-0.807524
-0.806404
-0.804620
-0.802171
-0.799058
-0.795282
-0.790846
-0.785753
-0.780006
-0.773608
-0.766564
-0.758880
-0.750561
-0.741613
-0.732044
-0.721861
-0.711071
-0.699685
-0.687710
-0.675158
-0.662038
-0.648361
-0.634139
-0.619383
-0.604107
-0.588324
-0.572046
-0.555288
-0.538065
-0.520392
-0.502284
-0.483757
-0.464827
-0.445511
-0.425827
-0.405792
-0.385423
-0.364740
-0.343760
-0.322503
-0.300989
-0.279235
-0.257263
-0.235093
-0.212744
-0.190238
-0.167594
-0.144835
-0.121981
-0.099052
-0.076072
-0.053061
-0.030040
-0.007031
0.015943
0.038863
0.061705
0.084448
0.107070
0.129551
0.151868
0.174000
0.195925
0.217624
0.239074
0.260255
0.281146
0.301727
0.321977
0.341878
0.361408
0.380550
0.399283
0.417589
0.435450
0.452848
0.469764
0.486183
0.502087
0.517460
0.532286
0.546550
0.560236
0.573330
0.585818
0.597688
0.608925
0.619518
0.629455
0.638724
0.647316
0.655220
0.662426
0.668926
0.674713
0.679777
0.684113
0.687715
0.690576
0.692692
0.694058
0.694672
0.694530
0.693630
0.691971
0.689552
0.686372
0.682433
0.677735
0.672281
0.666073
0.659115
0.651411
0.642965
0.633783
0.623871
0.613236
0.601885
0.589826
0.577069
0.563622
0.549495
0.534700
0.519247
0.503149
0.486418
0.469067
0.451109
0.432560
0.413433
0.393745
0.373511
0.352747
0.331471
0.309700
0.287451
0.264743
0.241595
0.218025
0.194055
0.169702
0.144988
0.119933
0.094559
0.068886
0.042937
0.016732
-0.009705
-0.036353
-0.063189
-0.090190
-0.117334
-0.144598
-0.171957
-0.199389
-0.226872
-0.254380
-0.281891
-0.309382
-0.336829
-0.364208
-0.391496
-0.418670
-0.445708
-0.472584
-0.499278
-0.525765
-0.552023
-0.578031
-0.603765
-0.629204
-0.654326
-0.679110
-0.703535
-0.727579
-0.751223
-0.774446
-0.797229
-0.819552
-0.841397
-0.862745
-0.883577
-0.903878
-0.923629
-0.942814
-0.961417
-0.979422
-0.996815
-1.013581
-1.029706
-1.045178
-1.059982
-1.074108
-1.087544
-1.100279
-1.112303
-1.123606
-1.134180
-1.144017
-1.153108
-1.161447
-1.169028
-1.175845
-1.181893
-1.187170
-1.191670
-1.195391
-1.198332
-1.200491
-1.201868
-1.202462
-1.202274
-1.201307
-1.199561
-1.197041
-1.193750
-1.189691
-1.184871
-1.179294
-1.172968
-1.165898
-1.158094
-1.149562
-1.140312
-1.130354
-1.119698
-1.108355
-1.096335
-1.083652
-1.070317
-1.056344
-1.041747
-1.026540
-1.010736
-0.994353
-0.977405
-0.959909
-0.941881
-0.923339
-0.904300
-0.884781
-0.864802
-0.844381
-0.823537
-0.802290
-0.780658
-0.758663
-0.736324
-0.713662
-0.690697
-0.667451
-0.643945
-0.620199
-0.596236
-0.572077
-0.547743
-0.523257
-0.498640
-0.473914
-0.449101
-0.424223
-0.399301
-0.374358
-0.349415
-0.324494
-0.299617
-0.274804
-0.250077
-0.225457
-0.200965
-0.176622
-0.152448
-0.128464
-0.104688
-0.081142
-0.057843
-0.034811
-0.012066
0.010376
0.032496
0.054277
0.075701
0.096753
0.117415
0.137672
0.157510
0.176912
0.195865
0.214356
0.232371
0.249897
0.266922
0.283435
0.299426
0.314882
0.329796
0.344157
0.357958
0.371189
0.383845
0.395918
0.407403
0.418293
0.428585
0.438274
0.447357
0.455831
0.463693
0.470943
0.477580
0.483604
0.489014
0.493813
0.498002
0.501584
0.504561
0.506938
0.508718
0.509908
0.510511
0.510536
0.509988
0.508875
0.507205
0.504986
0.502229
0.498941
0.495135
0.490820
0.486008
0.480711
0.474941
0.468711
0.462033
0.454923
0.447393
0.439459
0.431136
0.422438
0.413382
0.403983
0.394259
0.384225
0.373899
0.363297
0.352438
0.341340
0.330020
0.318496
0.306787
0.294912
0.282888
0.270736
0.258473
0.246119
0.233693
0.221213
0.208699
0.196171
0.183646
0.171144
0.158684
0.146285
0.133965
0.121743
0.109638
0.097668
0.085851
0.074204
0.062747
0.051495
0.040466
0.029677
0.019145
0.008885
-0.001086
-0.010752
-0.020099
-0.029111
-0.037775
-0.046076
-0.054000
-0.061536
-0.068669
-0.075387
-0.081680
-0.087535
-0.092943
-0.097893
-0.102375
-0.106380
-0.109900
-0.112926
-0.115452
-0.117471
-0.118975
-0.119961
-0.120422
-0.120355
-0.119755
-0.118619
-0.116945
-0.114730
-0.111974
-0.108676
-0.104835
-0.100452
-0.095529
-0.090067
-0.084068
-0.077536
-0.070474
-0.062887
-0.054780
-0.046157
-0.037025
-0.027391
-0.017262
-0.006646
0.004448
0.016013
0.028037
0.040512
0.053425
0.066768
0.080526
0.094689
0.109244
0.124178
0.139476
0.155126
0.171112
0.187419
0.204033
0.220938
0.238117
0.255555
0.273234
0.291137
0.309248
0.327548
0.346019
0.364644
0.383404
0.402280
0.421254
0.440306
0.459418
0.478571
0.497744
0.516919
0.536075
0.555194
0.574256
0.593242
0.612130
0.630903
0.649540
0.668023
0.686331
0.704445
0.722347
0.740017
0.757437
0.774587
0.791450
0.808008
0.824242
0.840134
0.855668
0.870826
0.885592
0.899949
0.913881
0.927372
0.940407
0.952971
0.965049
0.976629
0.987695
0.998234
1.008235
1.017685
1.026572
1.034884
1.042613
1.049746
1.056275
1.062191
1.067485
1.072149
1.076177
1.079561
1.082295
1.084374
1.085793
1.086548
1.086635
1.086052
1.084795
1.082863
1.080255
1.076971
1.073011
1.068375
1.063065
1.057083
1.050432
1.043115
1.035137
1.026502
1.017214
1.007281
0.996708
0.985503
0.973673
0.961226
0.948172
0.934520
0.920280
0.905463
0.890079
0.874140
0.857659
0.840648
0.823120
0.805089
0.786570
0.767577
0.748124
0.728228
0.707905
0.687171
0.666042
0.644536
0.622669
0.600461
0.577929
0.555092
0.531968
0.508576
0.484935
0.461066
0.436987
0.412719
0.388281
0.363694
0.338978
0.314154
0.289242
0.264263
0.239238
0.214186
0.189130
0.164089
0.139085
0.114138
0.089268
0.064497
0.039845
0.015332
-0.009023
-0.033198
-0.057174
-0.080931
-0.104450
-0.127712
-0.150698
-0.173389
-0.195767
-0.217814
-0.239512
-0.260843
-0.281791
-0.302339
-0.322471
-0.342170
-0.361422
-0.380212
-0.398524
-0.416345
-0.433660
-0.450458
-0.466726
-0.482450
-0.497620
-0.512224
-0.526253
-0.539695
-0.552542
-0.564784
-0.576414
-0.587424
-0.597806
-0.607555
-0.616663
-0.625127
-0.632940
-0.640100
-0.646603
-0.652445
-0.657625
-0.662141
-0.665993
-0.669179
-0.671700
-0.673557
-0.674751
-0.675285
-0.675162
-0.674384
-0.672956
-0.670883
-0.668169
-0.664820
-0.660843
-0.656244
-0.651032
-0.645214
-0.638798
-0.631794
-0.624212
-0.616062
-0.607355
-0.598101
-0.588313
-0.578002
-0.567182
-0.555865
-0.544066
-0.531797
-0.519074
-0.505911
-0.492323
-0.478326
-0.463936
-0.449169
-0.434041
-0.418569
-0.402771
-0.386663
-0.370264
-0.353591
-0.336661
-0.319495
-0.302109
-0.284522
-0.266754
-0.248823
-0.230747
-0.212546
-0.194240
-0.175846
-0.157384
-0.138874
-0.120335
-0.101785
-0.083243
-0.064730
-0.046262
-0.027861
-0.009543
0.008672
0.026766
0.044722
0.062519
0.080142
0.097573
0.114794
0.131788
0.148538
0.165028
0.181242
0.197164
0.212778
0.228070
0.243024
0.257626
0.271862
0.285719
0.299184
0.312243
0.324885
0.337097
0.348868
0.360189
0.371047
0.381433
0.391338
0.400754
0.409671
0.418082
0.425980
0.433358
0.440209
0.446529
0.452313
0.457555
0.462252
0.466401
0.469998
0.473042
0.475532
0.477465
0.478842
0.479663
0.479928
0.479639
0.478797
0.477406
0.475467
0.472986
0.469965
0.466409
0.462324
0.457715
0.452588
0.446951
0.440811
0.434176
0.427053
0.419452
0.411383
0.402854
0.393876
0.384460
0.374618
0.364360
0.353698
0.342646
0.331215
0.319420
0.307273
0.294789
0.281981
0.268865
0.255455
0.241766
0.227814
0.213615
0.199184
0.184538
0.169692
0.154664
0.139471
0.124129
0.108655
0.093067
0.077382
0.061616
0.045789
0.029917
0.014018
-0.001891
-0.017791
-0.033666
-0.049498
-0.065269
-0.080961
-0.096558
-0.112042
-0.127396
-0.142603
-0.157646
-0.172509
-0.187174
-0.201626
-0.215848
-0.229824
-0.243540
-0.256979
-0.270126
-0.282967
-0.295487
-0.307673
-0.319509
-0.330983
-0.342082
-0.352792
-0.363102
-0.373000
-0.382473
-0.391512
-0.400104
-0.408241
-0.415912
-0.423108
-0.429820
-0.436040
-0.441760
-0.446973
-0.451671
-0.455849
-0.459501
-0.462621
-0.465205
-0.467248
-0.468747
-0.469699
-0.470101
-0.469951
-0.469248
-0.467991
-0.466179
-0.463813
-0.460894
-0.457422
-0.453401
-0.448832
-0.443718
-0.438063
-0.431871
-0.425147
-0.417896
-0.410124
-0.401837
-0.393042
-0.383746
-0.373957
-0.363684
-0.352935
-0.341720
-0.330048
-0.317931
-0.305378
-0.292402
-0.279014
-0.265225
-0.251050
-0.236500
-0.221589
-0.206331
-0.190740
-0.174832
-0.158620
-0.142120
-0.125347
-0.108319
-0.091050
-0.073557
-0.055858
-0.037968
-0.019907
-0.001690
0.016663
0.035136
0.053710
0.072367
0.091088
0.109855
0.128649
0.147451
0.166242
0.185004
0.203718
0.222364
0.240923
0.259376
0.277705
0.295890
0.313913
0.331754
0.349395
0.366817
0.384001
0.400930
0.417584
0.433946
0.449998
0.465721
0.481100
0.496116
0.510752
0.524991
0.538818
0.552215
0.565168
0.577660
0.589676
0.601202
0.612222
0.622724
0.632692
0.642114
0.650977
0.659268
0.666975
0.674087
0.680592
0.686480
0.691741
0.696365
0.700342
0.703665
0.706324
0.708313
0.709623
0.710250
0.710185
0.709425
0.707963
0.705796
0.702920
0.699332
0.695029
0.690009
0.684270
0.677812
0.670634
0.662736
0.654120
0.644787
0.634739
0.623978
0.612508
0.600333
0.587457
0.573884
0.559622
0.544675
0.529050
0.512755
0.495798
0.478186
0.459930
0.441038
0.421521
0.401389
0.380653
0.359325
0.337418
0.314943
0.291914
0.268345
0.244250
0.219643
0.194539
0.168955
0.142905
0.116407
0.089477
0.062132
0.034390
0.006268
-0.022214
-0.051038
-0.080186
-0.109637
-0.139373
-0.169374
-0.199618
-0.230086
-0.260757
-0.291610
-0.322624
-0.353777
-0.385049
-0.416416
-0.447858
-0.479352
-0.510876
-0.542408
-0.573925
-0.605405
-0.636826
-0.668164
-0.699398
-0.730505
-0.761462
-0.792247
-0.822836
-0.853209
-0.883341
-0.913212
-0.942799
-0.972079
-1.001031
-1.029633
-1.057863
-1.085700
-1.113123
-1.140111
-1.166642
-1.192697
-1.218255
-1.243296
-1.267801
-1.291749
-1.315123
-1.337902
-1.360070
-1.381607
-1.402496
-1.422720
-1.442261
-1.461105
-1.479233
-1.496632
-1.513285
-1.529178
-1.544296
-1.558627
-1.572156
-1.584872
-1.596761
-1.607812
-1.618014
-1.627356
-1.635828
-1.643421
-1.650125
-1.655932
-1.660834
-1.664824
-1.667895
-1.670041
-1.671257
-1.671538
-1.670879
-1.669276
-1.666727
-1.663229
-1.658780
-1.653379
-1.647026
-1.639719
-1.631461
-1.622251
-1.612093
-1.600988
-1.588939
-1.575951
-1.562027
-1.547172
-1.531393
-1.514694
-1.497084
-1.478569
-1.459157
-1.438856
-1.417677
-1.395627
-1.372719
-1.348962
-1.324369
-1.298950
-1.272718
-1.245688
-1.217871
-1.189282
-1.159936
-1.129848
-1.099033
-1.067508
-1.035288
-1.002392
-0.968836
-0.934639
-0.899818
-0.864393
-0.828382
-0.791806
-0.754684
-0.717036
-0.678883
-0.640246
-0.601146
-0.561605
-0.521645
-0.481288
-0.440557
-0.399474
-0.358063
-0.316345
-0.274346
-0.232088
-0.189596
-0.146893
-0.104004
-0.060952
-0.017762
0.025541
0.068933
0.112389
0.155885
0.199395
0.242895
0.286361
0.329766
0.373088
0.416300
0.459378
0.502299
0.545036
0.587566
0.629864
0.671906
0.713669
0.755128
0.796259
0.837040
0.877446
0.917455
0.957044
0.996191
1.034872
1.073067
1.110752
1.147908
1.184512
1.220544
1.255984
1.290811
1.325006
1.358549
1.391421
1.423604
1.455080
1.485832
1.515841
1.545091
1.573566
1.601250
1.628127
1.654183
1.679404
1.703775
1.727283
1.749916
1.771660
1.792505
1.812438
1.831451
1.849531
1.866670
1.882859
1.898090
1.912354
1.925645
1.937955
1.949280
1.959613
1.968949
1.977284
1.984616
1.990939
1.996254
2.000556
2.003846
2.006122
2.007385
2.007635
2.006873
2.005102
2.002323
1.998540
1.993756
1.987976
1.981204
1.973445
1.964706
1.954992
1.944312
1.932673
1.920082
1.906549
1.892083
1.876694
1.860393
1.843189
1.825095
1.806122
1.786283
1.765590
1.744058
1.721700
1.698530
1.674562
1.649813
1.624298
1.598032
1.571033
1.543317
1.514901
1.485803
1.456041
1.425633
1.394598
1.362954
1.330721
1.297919
1.264567
1.230686
1.196295
1.161415
1.126068
1.090274
1.054054
1.017429
0.980422
0.943055
0.905347
0.867323
0.829004
0.790412
0.751569
0.712497
0.673220
0.633759
0.594137
0.554377
0.514500
0.474529
0.434486
0.394395
0.354276
0.314153
0.274046
0.233979
0.193973
0.154049
0.114230
0.074536
0.034988
-0.004391
-0.043582
-0.082565
-0.121317
-0.159821
-0.198055
-0.236001
-0.273638
-0.310949
-0.347914
-0.384514
-0.420733
-0.456552
-0.491954
-0.526922
-0.561439
-0.595490
-0.629057
-0.662127
-0.694683
-0.726711
-0.758197
-0.789128
-0.819489
-0.849268
-0.878452
-0.907030
-0.934989
-0.962320
-0.989010
-1.015051
-1.040432
-1.065144
-1.089178
-1.112527
-1.135183
-1.157138
-1.178386
-1.198920
-1.218735
-1.237826
-1.256188
-1.273816
-1.290708
-1.306860
-1.322268
-1.336932
-1.350849
-1.364019
-1.376439
-1.388111
-1.399035
-1.409211
-1.418641
-1.427325
-1.435268
-1.442470
-1.448936
-1.454669
-1.459673
-1.463952
-1.467511
-1.470356
-1.472493
-1.473927
-1.474666
-1.474715
-1.474084
-1.472779
-1.470808
-1.468181
-1.464905
-1.460991
-1.456447
-1.451284
-1.445512
-1.439141
-1.432182
-1.424647
-1.416546
-1.407892
-1.398695
-1.388969
-1.378725
-1.367977
-1.356737
-1.345017
-1.332832
-1.320194
-1.307118
-1.293616
-1.279702
-1.265390
-1.250695
-1.235630
-1.220210
-1.204449
-1.188361
-1.171961
-1.155262
-1.138281
-1.121030
-1.103525
-1.085779
-1.067808
-1.049626
-1.031247
-1.012685
-0.993955
-0.975071
-0.956047
-0.936898
-0.917635
-0.898275
-0.878830
-0.859313
-0.839738
-0.820119
-0.800468
-0.780798
-0.761122
-0.741452
-0.721800
-0.702179
-0.682600
-0.663075
-0.643615
-0.624232
-0.604935
-0.585737
-0.566646
-0.547674
-0.528829
-0.510122
-0.491561
-0.473156
-0.454916
-0.436848
-0.418960
-0.401261
-0.383757
-0.366457
-0.349365
-0.332491
-0.315838
-0.299413
-0.283222
-0.267270
-0.251561
-0.236101
-0.220893
-0.205941
-0.191249
-0.176820
-0.162657
-0.148762
-0.135139
-0.121788
-0.108711
-0.095910
-0.083386
-0.071140
-0.059171
-0.047480
-0.036068
-0.024932
-0.014073
-0.003489
0.006820
0.016856
0.026622
0.036119
0.045350
0.054318
0.063024
0.071473
0.079667
0.087610
0.095306
0.102759
0.109973
0.116952
0.123701
0.130225
0.136527
0.142615
0.148492
0.154163
0.159636
0.164914
0.170004
0.174911
0.179642
0.184202
0.188598
0.192835
0.196920
0.200859
0.204659
0.208326
0.211866
0.215286
0.218592
0.221791
0.224889
0.227893
0.230808
0.233642
0.236401
0.239090
0.241718
0.244288
0.246809
0.249285
0.251723
0.254129
0.256509
0.258868
0.261211
0.263545
0.265875
0.268206
0.270543
0.272892
0.275256
0.277641
0.280051
0.282491
0.284964
0.287476
0.290029
0.292628
0.295276
0.297976
0.300731
0.303546
0.306421
0.309360
0.312366
0.315440
0.318585
0.321802
0.325093
0.328459
0.331902
0.335422
0.339021
0.342699
0.346456
0.350292
0.354208
0.358203
0.362277
0.366429
0.370659
0.374965
0.379347
0.383803
0.388330
0.392929
0.397596
0.402330
0.407129
0.411989
0.416908
0.421885
0.426915
0.431995
0.437123
0.442295
0.447508
0.452757
0.458040
0.463353
0.468690
0.474049
0.479425
0.484814
0.490211
0.495612
0.501013
0.506408
0.511793
0.517164
0.522515
0.527842
0.533140
0.538403
0.543627
0.548807
0.553938
0.559015
0.564032
0.568985
0.573869
0.578679
0.583410
0.588056
0.592614
0.597077
0.601442
0.605703
0.609856
0.613896
0.617818
0.621619
0.625293
0.628836
0.632244
0.635514
0.638640
0.641618
0.644446
0.647119
0.649634
0.651987
0.654175
0.656195
0.658043
0.659717
0.661213
0.662530
0.663664
0.664614
0.665376
0.665950
0.666333
0.666523
0.666519
0.666319
0.665922
0.665328
0.664534
0.663541
0.662347
0.660953
0.659358
0.657561
0.655564
0.653366
0.650967
0.648369
0.645572
0.642576
0.639383
0.635994
0.632411
0.628634
0.624666
0.620508
0.616162
0.611631
0.606916
0.602021
0.596947
0.591696
0.586273
0.580679
0.574918
0.568993
0.562907
0.556663
0.550265
0.543716
0.537020
0.530181
0.523202
0.516088
0.508841
0.501467
0.493969
0.486351
0.478618
0.470774
0.462823
0.454769
0.446617
0.438371
0.430035
0.421614
0.413113
0.404535
0.395886
0.387169
0.378389
0.369550
0.360658
0.351715
0.342727
0.333698
0.324632
0.315534
0.306406
0.297255
0.288083
0.278895
0.269695
0.260486
0.251273
0.242059
0.232848
0.223643
0.214449
0.205267
0.196103
0.186959
0.177837
0.168742
0.159677
0.150643
0.141644
0.132683
0.123761
0.114883
0.106049
0.097262
0.088524
0.079838
0.071205
0.062627
0.054105
0.045642
0.037238
0.028896
0.020616
0.012399
0.004247
-0.003840
-0.011860
-0.019814
-0.027699
-0.035517
-0.043265
-0.050945
-0.058555
-0.066095
-0.073566
-0.080968
-0.088299
-0.095562
-0.102755
-0.109879
-0.116934
-0.123921
-0.130840
-0.137692
-0.144477
-0.151196
-0.157849
-0.164438
-0.170962
-0.177423
-0.183821
-0.190157
-0.196432
-0.202647
-0.208802
-0.214898
-0.220937
-0.226918
-0.232843
-0.238712
-0.244526
-0.250286
-0.255992
-0.261646
-0.267247
-0.272796
-0.278294
-0.283741
-0.289137
-0.294483
-0.299780
-0.305026
-0.310223
-0.315370
-0.320467
-0.325515
-0.330512
-0.335460
-0.340356
-0.345201
-0.349994
-0.354734
-0.359421
-0.364053
-0.368630
-0.373151
-0.377613
-0.382016
-0.386359
-0.390639
-0.394856
-0.399006
-0.403089
-0.407102
-0.411042
-0.414909
-0.418698
-0.422409
-0.426037
-0.429581
-0.433037
-0.436403
-0.439675
-0.442850
-0.445925
-0.448896
-0.451761
-0.454515
-0.457154
-0.459676
-0.462075
-0.464349
-0.466493
-0.468503
-0.470375
-0.472104
-0.473687
-0.475119
-0.476396
-0.477513
-0.478466
-0.479250
-0.479861
-0.480295
-0.480546
-0.480611
-0.480485
-0.480162
-0.479640
-0.478913
-0.477977
-0.476827
-0.475459
-0.473869
-0.472052
-0.470004
-0.467722
-0.465201
-0.462437
-0.459426
-0.456165
-0.452649
-0.448877
-0.444843
-0.440545
-0.435979
-0.431143
-0.426034
-0.420650
-0.414987
-0.409044
-0.402818
-0.396307
-0.389511
-0.382426
-0.375053
-0.367390
-0.359436
-0.351191
-0.342654
-0.333825
-0.324704
-0.315292
-0.305589
-0.295596
-0.285315
-0.274747
-0.263894
-0.252757
-0.241339
-0.229643
-0.217672
-0.205428
-0.192915
-0.180138
-0.167100
-0.153805
-0.140259
-0.126466
-0.112432
-0.098162
-0.083663
-0.068940
-0.054000
-0.038850
-0.023498
-0.007950
0.007786
0.023701
0.039787
0.056036
0.072438
0.088984
0.105666
0.122472
0.139393
0.156419
0.173539
0.190742
0.208018
0.225354
0.242740
0.260163
0.277612
0.295074
0.312538
0.329990
0.347418
0.364809
0.382150
0.399427
0.416628
0.433738
0.450745
0.467634
0.484392
0.501004
0.517458
0.533738
0.549832
0.565724
0.581400
0.596848
0.612051
0.626997
0.641672
0.656060
0.670149
0.683924
0.697372
0.710479
0.723232
0.735617
0.747620
0.759229
0.770430
0.781211
0.791560
0.801463
0.810909
0.819886
0.828383
0.836387
0.843888
0.850875
0.857337
0.863265
0.868648
0.873478
0.877744
0.881438
0.884553
0.887079
0.889009
0.890337
0.891055
0.891157
0.890637
0.889491
0.887713
0.885298
0.882243
0.878544
0.874199
0.869204
0.863559
0.857261
0.850310
0.842706
0.834448
0.825538
0.815977
0.805766
0.794909
0.783408
0.771266
0.758488
0.745079
0.731044
0.716388
0.701119
0.685242
0.668766
0.651699
0.634049
0.615825
0.597038
0.577698
0.557814
0.537400
0.516467
0.495026
0.473092
0.450678
0.427797
0.404465
0.380696
0.356506
0.331910
0.306925
0.281568
0.255856
0.229807
0.203439
0.176771
0.149820
0.122607
0.095152
0.067473
0.039592
0.011528
-0.016696
-0.045060
-0.073544
-0.102124
-0.130779
-0.159487
-0.188226
-0.216973
-0.245706
-0.274403
-0.303039
-0.331592
-0.360040
-0.388359
-0.416526
-0.444518
-0.472312
-0.499884
-0.527213
-0.554274
-0.581046
-0.607504
-0.633628
-0.659393
-0.684778
-0.709762
-0.734321
-0.758434
-0.782080
-0.805238
-0.827886
-0.850005
-0.871575
-0.892574
-0.912985
-0.932787
-0.951963
-0.970493
-0.988361
-1.005549
-1.022041
-1.037819
-1.052868
-1.067173
-1.080719
-1.093493
-1.105480
-1.116667
-1.127043
-1.136596
-1.145314
-1.153187
-1.160205
-1.166360
-1.171643
-1.176047
-1.179563
-1.182187
-1.183913
-1.184735
-1.184651
-1.183655
-1.181747
-1.178925
-1.175186
-1.170532
-1.164962
-1.158478
-1.151083
-1.142779
-1.133569
-1.123458
-1.112452
-1.100557
-1.087779
-1.074125
-1.059605
-1.044228
-1.028002
-1.010940
-0.993052
-0.974350
-0.954848
-0.934559
-0.913497
-0.891678
-0.869116
-0.845830
-0.821835
-0.797149
-0.771791
-0.745780
-0.719136
-0.691879
-0.664029
-0.635609
-0.606639
-0.577144
-0.547145
-0.516667
-0.485734
-0.454369
-0.422598
-0.390447
-0.357941
-0.325106
-0.291969
-0.258557
-0.224897
-0.191017
-0.156943
-0.122706
-0.088331
-0.053849
-0.019287
0.015325
0.049959
0.084585
0.119176
0.153700
0.188130
0.222436
0.256590
0.290561
0.324321
0.357841
0.391093
0.424047
0.456675
0.488949
0.520841
0.552324
0.583368
0.613949
0.644038
0.673608
0.702635
0.731092
0.758954
0.786196
0.812793
0.838722
0.863960
0.888482
0.912268
0.935294
0.957541
0.978987
0.999613
1.019399
1.038327
1.056378
1.073536
1.089784
1.105106
1.119488
1.132914
1.145372
1.156849
1.167333
1.176812
1.185277
1.192718
1.199127
1.204495
1.208816
1.212084
1.214294
1.215442
1.215524
1.214537
1.212480
1.209353
1.205155
1.199888
1.193553
1.186154
1.177694
1.168178
1.157612
1.146001
1.133353
1.119677
1.104981
1.089275
1.072571
1.054879
1.036211
1.016582
0.996006
0.974496
0.952070
0.928742
0.904531
0.879454
0.853531
0.826779
0.799220
0.770874
0.741763
0.711908
0.681333
0.650060
0.618114
0.585519
0.552300
0.518482
0.484092
0.449156
0.413700
0.377754
0.341343
0.304497
0.267244
0.229613
0.191632
0.153333
0.114744
0.075895
0.036817
-0.002461
-0.041906
-0.081490
-0.121180
-0.160946
-0.200757
-0.240583
-0.280392
-0.320153
-0.359835
-0.399407
-0.438840
-0.478102
-0.517162
-0.555991
-0.594558
-0.632834
-0.670790
-0.708395
-0.745621
-0.782439
-0.818821
-0.854740
-0.890167
-0.925075
-0.959439
-0.993231
-1.026427
-1.059000
-1.090927
-1.122183
-1.152746
-1.182591
-1.211696
-1.240041
-1.267604
-1.294365
-1.320304
-1.345401
-1.369640
-1.393002
-1.415470
-1.437028
-1.457662
-1.477356
-1.496098
-1.513873
-1.530669
-1.546476
-1.561283
-1.575081
-1.587859
-1.599611
-1.610329
-1.620006
-1.628638
-1.636219
-1.642746
-1.648216
-1.652627
-1.655977
-1.658267
-1.659495
-1.659665
-1.658778
-1.656836
-1.653844
-1.649807
-1.644729
-1.638618
-1.631479
-1.623322
-1.614154
-1.603985
-1.592825
-1.580685
-1.567577
-1.553513
-1.538506
-1.522570
-1.505720
-1.487970
-1.469336
-1.449835
-1.429484
-1.408300
-1.386302
-1.363509
-1.339939
-1.315613
-1.290551
-1.264774
-1.238303
-1.211161
-1.183368
-1.154948
-1.125925
-1.096320
-1.066158
-1.035463
-1.004260
-0.972572
-0.940424
-0.907842
-0.874852
-0.841477
-0.807745
-0.773680
-0.739308
-0.704656
-0.669750
-0.634615
-0.599277
-0.563763
-0.528098
-0.492309
-0.456421
-0.420460
-0.384453
-0.348423
-0.312397
-0.276401
-0.240458
-0.204594
-0.168833
-0.133199
-0.097717
-0.062410
-0.027301
0.007586
0.042230
0.076607
0.110696
0.144475
0.177924
0.211022
0.243748
0.276084
0.308010
0.339507
0.370557
0.401143
0.431247
0.460854
0.489947
0.518511
0.546531
0.573992
0.600882
0.627188
0.652896
0.677996
0.702476
0.726325
0.749535
0.772095
0.793998
0.815234
0.835798
0.855682
0.874881
0.893389
0.911201
0.928314
0.944725
0.960430
0.975427
0.989716
1.003295
1.016164
1.028324
1.039776
1.050521
1.060562
1.069903
1.078545
1.086493
1.093753
1.100329
1.106227
1.111453
1.116015
1.119919
1.123173
1.125786
1.127766
1.129124
1.129868
1.130008
1.129556
1.128523
1.126919
1.124756
1.122048
1.118805
1.115042
1.110771
1.106005
1.100759
1.095045
1.088880
1.082276
1.075249
1.067814
1.059985
1.051777
1.043207
1.034289
1.025040
1.015474
1.005608
0.995457
0.985037
0.974364
0.963455
0.952323
0.940987
0.929460
0.917760
0.905902
0.893900
0.881771
0.869530
0.857192
0.844772
0.832285
0.819746
0.807168
0.794567
0.781956
0.769348
0.756759
0.744199
0.731684
0.719225
0.706834
0.694524
0.682307
0.670194
0.658195
0.646322
0.634585
0.622995
0.611560
0.600289
0.589193
0.578279
0.567554
0.557028
0.546707
0.536598
0.526708
0.517041
0.507605
0.498404
0.489443
0.480725
0.472256
0.464038
0.456075
0.448369
0.440922
0.433735
0.426811
0.420150
0.413753
0.407619
0.401749
0.396141
0.390794
0.385708
0.380879
0.376306
0.371985
0.367915
0.364091
0.360510
0.357167
0.354058
0.351179
0.348524
0.346087
0.343864
0.341848
0.340033
0.338412
0.336979
0.335726
0.334647
0.333733
0.332977
0.332371
0.331907
0.331577
0.331372
0.331284
0.331304
0.331423
0.331632
0.331923
0.332285
0.332709
0.333188
0.333710
0.334267
0.334849
0.335447
0.336052
0.336654
0.337243
0.337811
0.338348
0.338845
0.339293
0.339682
0.340004
0.340250
0.340412
0.340480
0.340446
0.340303
0.340041
0.339653
0.339131
0.338468
0.337657
0.336689
0.335559
0.334259
0.332784
0.331127
0.329282
0.327243
0.325005
0.322564
0.319913
0.317049
0.313968
0.310665
0.307136
0.303380
0.299392
0.295169
0.290710
0.286013
0.281075
0.275895
0.270473
0.264807
0.258897
0.252744
0.246346
0.239706
0.232823
0.225700
0.218337
0.210737
0.202902
0.194834
0.186536
0.178012
0.169265
0.160299
0.151118
0.141726
0.132129
0.122331
0.112337
0.102153
0.091785
0.081240
0.070522
0.059640
0.048599
0.037408
0.026073
0.014601
0.003002
-0.008718
-0.020551
-0.032487
-0.044519
-0.056637
-0.068833
-0.081098
-0.093423
-0.105798
-0.118214
-0.130662
-0.143132
-0.155614
-0.168099
-0.180577
-0.193038
-0.205472
-0.217869
-0.230219
-0.242513
-0.254740
-0.266891
-0.278954
-0.290922
-0.302783
-0.314527
-0.326146
-0.337630
-0.348968
-0.360152
-0.371172
-0.382018
-0.392682
-0.403155
-0.413428
-0.423491
-0.433337
-0.442957
-0.452343
-0.461487
-0.470381
-0.479017
-0.487389
-0.495488
-0.503308
-0.510843
-0.518085
-0.525029
-0.531669
-0.537998
-0.544012
-0.549705
-0.555073
-0.560110
-0.564813
-0.569177
-0.573200
-0.576876
-0.580204
-0.583181
-0.585803
-0.588069
-0.589978
-0.591526
-0.592714
-0.593540
-0.594004
-0.594105
-0.593844
-0.593221
-0.592237
-0.590892
-0.589188
-0.587127
-0.584711
-0.581941
-0.578822
-0.575355
-0.571543
-0.567392
-0.562903
-0.558082
-0.552933
-0.547461
-0.541670
-0.535567
-0.529156
-0.522443
-0.515435
-0.508139
-0.500560
-0.492705
-0.484583
-0.476200
-0.467563
-0.458681
-0.449562
-0.440214
-0.430645
-0.420865
-0.410881
-0.400704
-0.390342
-0.379804
-0.369101
-0.358241
-0.347235
-0.336093
-0.324824
-0.313439
-0.301948
-0.290361
-0.278689
-0.266943
-0.255132
-0.243268
-0.231361
-0.219422
-0.207462
-0.195491
-0.183520
-0.171560
-0.159623
-0.147717
-0.135855
-0.124047
-0.112303
-0.100635
-0.089052
-0.077566
-0.066186
-0.054923
-0.043787
-0.032788
-0.021936
-0.011241
-0.000713
0.009640
0.019806
0.029777
0.039544
0.049098
0.058431
0.067532
0.076395
0.085011
0.093372
0.101469
0.109296
0.116845
0.124109
0.131081
0.137754
0.144121
0.150178
0.155916
0.161332
0.166419
0.171173
0.175587
0.179659
0.183382
0.186754
0.189770
0.192427
0.194721
0.196650
0.198211
0.199401
0.200218
0.200661
0.200727
0.200417
0.199728
0.198660
0.197213
0.195386
0.193180
0.190596
0.187634
0.184296
0.180582
0.176494
0.172035
0.167206
0.162011
0.156451
0.150531
0.144253
0.137621
0.130640
0.123312
0.115644
0.107638
0.099302
0.090638
0.081654
0.072355
0.062746
0.052835
0.042627
0.032129
