0.016000
0.036000
0.028000
0.060000
0.108000
0.112000
0.144000
0.188000
0.176000
0.212000
0.200000
0.280000
0.276000
0.280000
0.352000
0.292000
0.312000
0.396000
0.340000
0.344000
0.392000
0.372000
0.360000
0.360000
0.460000
0.412000
0.480000
0.452000
0.548000
0.644000
0.632000
0.660000
0.568000
0.628000
0.672000
0.720000
0.620000
0.584000
0.640000
0.688000
0.724000
0.664000
0.824000
0.708000
0.772000
0.780000
0.720000
0.772000
0.828000
0.756000
0.792000
0.744000
0.744000
0.840000
0.852000
0.784000
0.828000
0.764000
0.848000
0.856000
0.908000
0.736000
0.824000
0.860000
0.824000
0.852000
0.852000
0.984000
0.856000
0.712000
0.708000
0.848000
0.824000
0.904000
0.756000
0.952000
0.788000
0.736000
0.824000
0.784000
0.744000
0.752000
0.844000
0.840000
0.792000
0.768000
0.772000
0.796000
0.636000
0.840000
0.780000
0.664000
0.888000
0.796000
0.756000
0.896000
0.924000
0.744000
0.732000
0.696000
0.708000
0.684000
0.840000
0.732000
0.760000
0.720000
0.644000
0.652000
0.560000
0.668000
0.676000
0.612000
0.628000
0.664000
0.660000
0.652000
0.604000
0.572000
0.484000
0.636000
0.604000
0.556000
0.472000
0.480000
0.544000
0.616000
0.544000
0.520000
0.460000
0.536000
0.436000
0.588000
0.468000
0.500000
0.560000
0.408000
0.468000
0.420000
0.464000
0.532000
0.468000
0.460000
0.440000
0.364000
0.432000
0.408000
0.296000
0.312000
0.348000
0.384000
0.348000
0.292000
0.292000
0.336000
0.356000
0.260000
0.276000
0.332000
0.288000
0.288000
0.228000
0.240000
0.268000
0.228000
0.232000
0.280000
0.212000
0.248000
0.192000
0.212000
0.232000
0.196000
0.148000
0.144000
0.164000
0.108000
0.112000
0.136000
0.132000
0.112000
0.152000
0.116000
0.108000
0.140000
0.100000
0.048000
0.112000
0.108000
0.112000
0.096000
0.092000
0.068000
0.084000
0.064000
0.068000
0.096000
0.052000
0.056000
0.072000
0.056000
0.036000
0.076000
0.052000
0.040000
0.036000
0.064000
0.048000
0.028000
0.032000
0.028000
0.020000
0.024000
0.032000
0.028000
0.048000
0.028000
0.016000
0.024000
0.032000
0.032000
0.016000
0.032000
0.032000
0.020000
0.028000
0.032000
0.012000
0.020000
0.008000
0.008000
0.008000
0.028000
0.016000
0.016000
0.016000
0.016000
0.008000
0.012000
0.012000
0.004000
0.004000
0.008000
0.004000
0.008000
0.012000
0.000000
0.012000
0.012000
0.004000
0.012000
0.000000
0.004000
0.004000
0.016000
0.004000
0.000000
0.008000
0.000000
0.016000
0.004000
0.000000
0.000000
0.008000
0.000000
0.004000
0.004000
0.008000
0.004000
0.000000
0.000000
0.000000
0.000000
0.000000
0.000000
0.000000
0.000000
0.000000
0.000000
0.000000
0.000000
0.000000
0.000000
0.000000
0.000000
0.000000
0.000000
0.000000
0.000000
0.000000
0.000000
0.000000
0.000000
0.000000
0.000000
0.000000
0.000000
0.000000
0.000000
0.000000
0.000000
0.000000
0.000000
0.000000
0.000000
0.000000
0.000000
0.000000
0.000000
0.000000
0.000000
0.000000
0.000000
0.000000
0.000000
0.000000
0.000000
0.000000
0.000000
0.000000
0.000000
0.000000
0.000000
0.000000
0.000000
0.000000
0.000000
0.000000
0.000000
0.000000
0.000000
0.000000
0.000000
0.000000
0.000000
0.000000
0.000000
0.000000
0.000000
0.000000
0.000000
0.000000
0.000000
0.000000
0.000000
0.000000
0.000000
0.000000
0.000000
0.000000
0.000000
0.000000
0.000000
0.000000
0.000000
0.000000
0.000000
0.000000
0.000000
0.000000
0.000000
0.000000
0.000000
0.000000
0.000000
0.000000
0.000000
0.000000
0.000000
0.000000
0.000000
0.000000
0.000000
0.000000
0.000000
0.000000
0.000000
0.000000
0.000000
0.000000
0.000000
0.000000
0.000000
0.000000
0.000000
0.000000
0.000000
0.000000
0.000000
0.000000
0.000000
0.000000
0.000000
0.000000
0.000000
0.000000
0.000000
0.000000
0.000000
0.000000
0.000000
